<?xml version="1.0" encoding="UTF-8"?>
<!-- Generated by org.testng.reporters.JUnitXMLReporter -->
<testsuite ignored="0" hostname="Birendra-book" failures="1" tests="1" name="Test" time="5.969" errors="0" timestamp="2025-12-18T01:17:48 IST">
  <testcase classname="testCases.TC_LF_009" name="validate_TC_LF_009" time="2.113">
    <failure type="java.lang.AssertionError" message="login page displayed ? expected [false] but found [true]">
      <![CDATA[java.lang.AssertionError: login page displayed ? expected [false] but found [true]
at testCases.TC_LF_009.validate_TC_LF_009(TC_LF_009.java:31)
at java.base/java.util.ArrayList.forEach(ArrayList.java:1596)
... Removed 28 stack frames]]>
    </failure>
  </testcase> <!-- validate_TC_LF_009 -->
</testsuite> <!-- Test -->
