<?xml version="1.0" encoding="UTF-8"?>
<testng-results ignored="0" total="2" passed="2" failed="0" skipped="0">
  <reporter-output>
  </reporter-output>
  <suite started-at="2025-11-28T00:41:00 IST" name="Master Suite" finished-at="2025-11-28T00:41:09 IST" duration-ms="9684">
    <groups>
      <group name="Master">
        <method signature="TC001_AccountRegistrationTest.verify_account_registration()[pri:0, instance:testCases.TC001_AccountRegistrationTest@758705fa]" name="verify_account_registration" class="testCases.TC001_AccountRegistrationTest"/>
        <method signature="TC_LG_003.verify_logout()[pri:0, instance:testCases.TC_LG_003@5fe1ce85]" name="verify_logout" class="testCases.TC_LG_003"/>
      </group> <!-- Master -->
      <group name="Sanity">
        <method signature="TC_LG_003.verify_logout()[pri:0, instance:testCases.TC_LG_003@5fe1ce85]" name="verify_logout" class="testCases.TC_LG_003"/>
      </group> <!-- Sanity -->
      <group name="Regression">
        <method signature="TC001_AccountRegistrationTest.verify_account_registration()[pri:0, instance:testCases.TC001_AccountRegistrationTest@758705fa]" name="verify_account_registration" class="testCases.TC001_AccountRegistrationTest"/>
      </group> <!-- Regression -->
    </groups>
    <test started-at="2025-11-28T00:41:00 IST" name="Test" finished-at="2025-11-28T00:41:09 IST" duration-ms="9684">
      <class name="testCases.TC_LG_003">
        <test-method is-config="true" signature="setup(java.lang.String,java.lang.String)[pri:0, instance:testCases.TC_LG_003@5fe1ce85]" started-at="2025-11-28T00:41:05 IST" name="setup" finished-at="2025-11-28T00:41:07 IST" duration-ms="2173" status="PASS">
          <params>
            <param index="0">
              <value>
                <![CDATA[Windows]]>
              </value>
            </param>
            <param index="1">
              <value>
                <![CDATA[chrome]]>
              </value>
            </param>
          </params>
          <reporter-output>
          </reporter-output>
        </test-method> <!-- setup -->
        <test-method signature="verify_logout()[pri:0, instance:testCases.TC_LG_003@5fe1ce85]" started-at="2025-11-28T00:41:07 IST" name="verify_logout" finished-at="2025-11-28T00:41:09 IST" duration-ms="2086" status="PASS">
          <reporter-output>
          </reporter-output>
        </test-method> <!-- verify_logout -->
        <test-method is-config="true" signature="tearDown()[pri:0, instance:testCases.TC_LG_003@5fe1ce85]" started-at="2025-11-28T00:41:09 IST" name="tearDown" finished-at="2025-11-28T00:41:09 IST" duration-ms="212" status="PASS">
          <reporter-output>
          </reporter-output>
        </test-method> <!-- tearDown -->
      </class> <!-- testCases.TC_LG_003 -->
      <class name="testCases.TC001_AccountRegistrationTest">
        <test-method is-config="true" signature="setup(java.lang.String,java.lang.String)[pri:0, instance:testCases.TC001_AccountRegistrationTest@758705fa]" started-at="2025-11-28T00:41:00 IST" name="setup" finished-at="2025-11-28T00:41:03 IST" duration-ms="2541" status="PASS">
          <params>
            <param index="0">
              <value>
                <![CDATA[Windows]]>
              </value>
            </param>
            <param index="1">
              <value>
                <![CDATA[chrome]]>
              </value>
            </param>
          </params>
          <reporter-output>
          </reporter-output>
        </test-method> <!-- setup -->
        <test-method signature="verify_account_registration()[pri:0, instance:testCases.TC001_AccountRegistrationTest@758705fa]" started-at="2025-11-28T00:41:03 IST" name="verify_account_registration" finished-at="2025-11-28T00:41:05 IST" duration-ms="2131" status="PASS">
          <reporter-output>
          </reporter-output>
        </test-method> <!-- verify_account_registration -->
        <test-method is-config="true" signature="tearDown()[pri:0, instance:testCases.TC001_AccountRegistrationTest@758705fa]" started-at="2025-11-28T00:41:05 IST" name="tearDown" finished-at="2025-11-28T00:41:05 IST" duration-ms="331" status="PASS">
          <reporter-output>
          </reporter-output>
        </test-method> <!-- tearDown -->
      </class> <!-- testCases.TC001_AccountRegistrationTest -->
    </test> <!-- Test -->
  </suite> <!-- Master Suite -->
</testng-results>
