<?xml version="1.0" encoding="UTF-8"?>
<testng-results ignored="0" total="4" passed="3" failed="1" skipped="0">
  <reporter-output>
  </reporter-output>
  <suite started-at="2025-12-07T20:32:29 IST" name="Master Suite (0)" finished-at="2025-12-07T20:33:15 IST" duration-ms="45599">
    <groups>
      <group name="Master">
        <method signature="TC_PC_024.validateCrossbrowserFun()[pri:0, instance:testCases.TC_PC_024@38f116f6]" name="validateCrossbrowserFun" class="testCases.TC_PC_024"/>
        <method signature="TC_PC_024.validateCrossbrowserFun()[pri:0, instance:testCases.TC_PC_024@6e6d5d29]" name="validateCrossbrowserFun" class="testCases.TC_PC_024"/>
        <method signature="TC_PC_024.validateCrossbrowserFun()[pri:0, instance:testCases.TC_PC_024@85e6769]" name="validateCrossbrowserFun" class="testCases.TC_PC_024"/>
      </group> <!-- Master -->
    </groups>
    <test started-at="2025-12-07T20:32:29 IST" name="Test_chrome" finished-at="2025-12-07T20:32:39 IST" duration-ms="9459">
      <class name="testCases.TC_PC_024">
        <test-method is-config="true" signature="setup(java.lang.String,java.lang.String)[pri:0, instance:testCases.TC_PC_024@38f116f6]" started-at="2025-12-07T20:32:29 IST" name="setup" finished-at="2025-12-07T20:32:36 IST" duration-ms="7164" status="PASS">
          <params>
            <param index="0">
              <value>
                <![CDATA[windows]]>
              </value>
            </param>
            <param index="1">
              <value>
                <![CDATA[chrome]]>
              </value>
            </param>
          </params>
          <reporter-output>
          </reporter-output>
        </test-method> <!-- setup -->
        <test-method signature="validateCrossbrowserFun()[pri:0, instance:testCases.TC_PC_024@38f116f6]" started-at="2025-12-07T20:32:36 IST" name="validateCrossbrowserFun" finished-at="2025-12-07T20:32:38 IST" duration-ms="1989" status="FAIL">
          <exception class="org.openqa.selenium.ElementClickInterceptedException">
            <message>
              <![CDATA[element click intercepted: Element <a href="https://tutorialsninja.com/demo/index.php?route=product/compare">...</a> is not clickable at point (364, 7). Other element would receive the click: <div class="container">...</div>
  (Session info: chrome=142.0.7444.176)
Build info: version: '4.35.0', revision: '1c58e5028b'
System info: os.name: 'Windows 11', os.arch: 'amd64', os.version: '10.0', java.version: '21'
Driver info: org.openqa.selenium.chrome.ChromeDriver
Command: [8d9baad928adab4a429a43781e2a837b, clickElement {id=f.A462FF34A08B97191DF01638B41FD5C1.d.73F53C74D5B0A0A683A99FCBC7F00DCE.e.91}]
Capabilities {acceptInsecureCerts: false, browserName: chrome, browserVersion: 142.0.7444.176, chrome: {chromedriverVersion: 142.0.7444.175 (302067f14a4..., userDataDir: C:\Users\Birendra\AppData\L...}, fedcm:accounts: true, goog:chromeOptions: {debuggerAddress: localhost:51925}, goog:processID: 18768, networkConnectionEnabled: false, pageLoadStrategy: normal, platformName: windows, proxy: Proxy(), se:cdp: ws://localhost:51925/devtoo..., se:cdpVersion: 142.0.7444.176, setWindowRect: true, strictFileInteractability: false, timeouts: {implicit: 0, pageLoad: 300000, script: 30000}, unhandledPromptBehavior: dismiss and notify, webauthn:extension:credBlob: true, webauthn:extension:largeBlob: true, webauthn:extension:minPinLength: true, webauthn:extension:prf: true, webauthn:virtualAuthenticators: true}
Element: [[ChromeDriver: chrome on windows (8d9baad928adab4a429a43781e2a837b)] -> xpath: //a[normalize-space()='product comparison']]
Session ID: 8d9baad928adab4a429a43781e2a837b]]>
            </message>
            <full-stacktrace>
              <![CDATA[org.openqa.selenium.ElementClickInterceptedException: element click intercepted: Element <a href="https://tutorialsninja.com/demo/index.php?route=product/compare">...</a> is not clickable at point (364, 7). Other element would receive the click: <div class="container">...</div>
  (Session info: chrome=142.0.7444.176)
Build info: version: '4.35.0', revision: '1c58e5028b'
System info: os.name: 'Windows 11', os.arch: 'amd64', os.version: '10.0', java.version: '21'
Driver info: org.openqa.selenium.chrome.ChromeDriver
Command: [8d9baad928adab4a429a43781e2a837b, clickElement {id=f.A462FF34A08B97191DF01638B41FD5C1.d.73F53C74D5B0A0A683A99FCBC7F00DCE.e.91}]
Capabilities {acceptInsecureCerts: false, browserName: chrome, browserVersion: 142.0.7444.176, chrome: {chromedriverVersion: 142.0.7444.175 (302067f14a4..., userDataDir: C:\Users\Birendra\AppData\L...}, fedcm:accounts: true, goog:chromeOptions: {debuggerAddress: localhost:51925}, goog:processID: 18768, networkConnectionEnabled: false, pageLoadStrategy: normal, platformName: windows, proxy: Proxy(), se:cdp: ws://localhost:51925/devtoo..., se:cdpVersion: 142.0.7444.176, setWindowRect: true, strictFileInteractability: false, timeouts: {implicit: 0, pageLoad: 300000, script: 30000}, unhandledPromptBehavior: dismiss and notify, webauthn:extension:credBlob: true, webauthn:extension:largeBlob: true, webauthn:extension:minPinLength: true, webauthn:extension:prf: true, webauthn:virtualAuthenticators: true}
Element: [[ChromeDriver: chrome on windows (8d9baad928adab4a429a43781e2a837b)] -> xpath: //a[normalize-space()='product comparison']]
Session ID: 8d9baad928adab4a429a43781e2a837b
at java.base/jdk.internal.reflect.DirectConstructorHandleAccessor.newInstance(DirectConstructorHandleAccessor.java:62)
at java.base/java.lang.reflect.Constructor.newInstanceWithCaller(Constructor.java:502)
at java.base/java.lang.reflect.Constructor.newInstance(Constructor.java:486)
at org.openqa.selenium.remote.ErrorCodec.decode(ErrorCodec.java:167)
at org.openqa.selenium.remote.codec.w3c.W3CHttpResponseCodec.decode(W3CHttpResponseCodec.java:138)
at org.openqa.selenium.remote.codec.w3c.W3CHttpResponseCodec.decode(W3CHttpResponseCodec.java:50)
at org.openqa.selenium.remote.HttpCommandExecutor.execute(HttpCommandExecutor.java:215)
at org.openqa.selenium.remote.service.DriverCommandExecutor.invokeExecute(DriverCommandExecutor.java:216)
at org.openqa.selenium.remote.service.DriverCommandExecutor.execute(DriverCommandExecutor.java:174)
at org.openqa.selenium.remote.RemoteWebDriver.execute(RemoteWebDriver.java:557)
at org.openqa.selenium.remote.RemoteWebElement.execute(RemoteWebElement.java:223)
at org.openqa.selenium.remote.RemoteWebElement.click(RemoteWebElement.java:76)
at java.base/jdk.internal.reflect.DirectMethodHandleAccessor.invoke(DirectMethodHandleAccessor.java:103)
at java.base/java.lang.reflect.Method.invoke(Method.java:580)
at org.openqa.selenium.support.pagefactory.internal.LocatingElementHandler.invoke(LocatingElementHandler.java:51)
at jdk.proxy2/jdk.proxy2.$Proxy47.click(Unknown Source)
at pageObjects.LandingPage.clickCompareProductlnk(LandingPage.java:257)
at testCases.TC_PC_024.validateCrossbrowserFun(TC_PC_024.java:20)
at java.base/jdk.internal.reflect.DirectMethodHandleAccessor.invoke(DirectMethodHandleAccessor.java:103)
at java.base/java.lang.reflect.Method.invoke(Method.java:580)
at org.testng.internal.invokers.MethodInvocationHelper.invokeMethod(MethodInvocationHelper.java:141)
at org.testng.internal.invokers.TestInvoker.invokeMethod(TestInvoker.java:687)
at org.testng.internal.invokers.TestInvoker.invokeTestMethod(TestInvoker.java:230)
at org.testng.internal.invokers.MethodRunner.runInSequence(MethodRunner.java:63)
at org.testng.internal.invokers.TestInvoker$MethodInvocationAgent.invoke(TestInvoker.java:995)
at org.testng.internal.invokers.TestInvoker.invokeTestMethods(TestInvoker.java:203)
at org.testng.internal.invokers.TestMethodWorker.invokeTestMethods(TestMethodWorker.java:154)
at org.testng.internal.invokers.TestMethodWorker.run(TestMethodWorker.java:134)
at java.base/java.util.ArrayList.forEach(ArrayList.java:1596)
at org.testng.TestRunner.privateRun(TestRunner.java:741)
at org.testng.TestRunner.run(TestRunner.java:616)
at org.testng.SuiteRunner.runTest(SuiteRunner.java:421)
at org.testng.SuiteRunner.runSequentially(SuiteRunner.java:413)
at org.testng.SuiteRunner.privateRun(SuiteRunner.java:373)
at org.testng.SuiteRunner.run(SuiteRunner.java:312)
at org.testng.SuiteRunnerWorker.runSuite(SuiteRunnerWorker.java:52)
at org.testng.SuiteRunnerWorker.run(SuiteRunnerWorker.java:95)
at org.testng.TestNG.runSuitesSequentially(TestNG.java:1274)
at org.testng.TestNG.runSuitesLocally(TestNG.java:1208)
at org.testng.TestNG.runSuites(TestNG.java:1112)
at org.testng.TestNG.run(TestNG.java:1079)
at org.apache.maven.surefire.testng.TestNGExecutor.run(TestNGExecutor.java:308)
at org.apache.maven.surefire.testng.TestNGXmlTestSuite.execute(TestNGXmlTestSuite.java:71)
at org.apache.maven.surefire.testng.TestNGProvider.invoke(TestNGProvider.java:113)
at org.apache.maven.surefire.booter.ForkedBooter.runSuitesInProcess(ForkedBooter.java:385)
at org.apache.maven.surefire.booter.ForkedBooter.execute(ForkedBooter.java:162)
at org.apache.maven.surefire.booter.ForkedBooter.run(ForkedBooter.java:507)
at org.apache.maven.surefire.booter.ForkedBooter.main(ForkedBooter.java:495)
]]>
            </full-stacktrace>
          </exception> <!-- org.openqa.selenium.ElementClickInterceptedException -->
          <reporter-output>
          </reporter-output>
        </test-method> <!-- validateCrossbrowserFun -->
        <test-method is-config="true" signature="tearDown()[pri:0, instance:testCases.TC_PC_024@38f116f6]" started-at="2025-12-07T20:32:39 IST" name="tearDown" finished-at="2025-12-07T20:32:39 IST" duration-ms="179" status="PASS">
          <reporter-output>
          </reporter-output>
        </test-method> <!-- tearDown -->
      </class> <!-- testCases.TC_PC_024 -->
    </test> <!-- Test_chrome -->
    <test started-at="2025-12-07T20:32:39 IST" name="Test_edge" finished-at="2025-12-07T20:33:09 IST" duration-ms="29659">
      <class name="testCases.TC_PC_024">
        <test-method is-config="true" signature="setup(java.lang.String,java.lang.String)[pri:0, instance:testCases.TC_PC_024@6e6d5d29]" started-at="2025-12-07T20:32:39 IST" name="setup" finished-at="2025-12-07T20:33:08 IST" duration-ms="28435" status="PASS">
          <params>
            <param index="0">
              <value>
                <![CDATA[windows]]>
              </value>
            </param>
            <param index="1">
              <value>
                <![CDATA[edge]]>
              </value>
            </param>
          </params>
          <reporter-output>
          </reporter-output>
        </test-method> <!-- setup -->
        <test-method signature="validateCrossbrowserFun()[pri:0, instance:testCases.TC_PC_024@6e6d5d29]" started-at="2025-12-07T20:33:08 IST" name="validateCrossbrowserFun" finished-at="2025-12-07T20:33:09 IST" duration-ms="1006" status="PASS">
          <reporter-output>
          </reporter-output>
        </test-method> <!-- validateCrossbrowserFun -->
        <test-method is-config="true" signature="tearDown()[pri:0, instance:testCases.TC_PC_024@6e6d5d29]" started-at="2025-12-07T20:33:09 IST" name="tearDown" finished-at="2025-12-07T20:33:09 IST" duration-ms="216" status="PASS">
          <reporter-output>
          </reporter-output>
        </test-method> <!-- tearDown -->
      </class> <!-- testCases.TC_PC_024 -->
    </test> <!-- Test_edge -->
    <test started-at="2025-12-07T20:33:09 IST" name="Test_firefox" finished-at="2025-12-07T20:33:15 IST" duration-ms="5817">
      <class name="testCases.TC_PC_024">
        <test-method is-config="true" signature="setup(java.lang.String,java.lang.String)[pri:0, instance:testCases.TC_PC_024@85e6769]" started-at="2025-12-07T20:33:09 IST" name="setup" finished-at="2025-12-07T20:33:13 IST" duration-ms="3995" status="PASS">
          <params>
            <param index="0">
              <value>
                <![CDATA[windows]]>
              </value>
            </param>
            <param index="1">
              <value>
                <![CDATA[firefox]]>
              </value>
            </param>
          </params>
          <reporter-output>
          </reporter-output>
        </test-method> <!-- setup -->
        <test-method signature="validateCrossbrowserFun()[pri:0, instance:testCases.TC_PC_024@85e6769]" started-at="2025-12-07T20:33:13 IST" name="validateCrossbrowserFun" finished-at="2025-12-07T20:33:14 IST" duration-ms="860" status="PASS">
          <reporter-output>
          </reporter-output>
        </test-method> <!-- validateCrossbrowserFun -->
        <test-method is-config="true" signature="tearDown()[pri:0, instance:testCases.TC_PC_024@85e6769]" started-at="2025-12-07T20:33:14 IST" name="tearDown" finished-at="2025-12-07T20:33:15 IST" duration-ms="956" status="PASS">
          <reporter-output>
          </reporter-output>
        </test-method> <!-- tearDown -->
      </class> <!-- testCases.TC_PC_024 -->
    </test> <!-- Test_firefox -->
  </suite> <!-- Master Suite (0) -->
  <suite started-at="2025-12-07T20:32:20 IST" name="Master Suite" finished-at="2025-12-07T20:32:28 IST" duration-ms="8245">
    <groups>
      <group name="master">
        <method signature="TC_SF_014.validateProductSort()[pri:0, instance:testCases.TC_SF_014@2e61d218]" name="validateProductSort" class="testCases.TC_SF_014"/>
      </group> <!-- master -->
    </groups>
    <test started-at="2025-12-07T20:32:20 IST" name="Test" finished-at="2025-12-07T20:32:28 IST" duration-ms="8245">
      <class name="testCases.TC_SF_014">
        <test-method is-config="true" signature="setup(java.lang.String,java.lang.String)[pri:0, instance:testCases.TC_SF_014@2e61d218]" started-at="2025-12-07T20:32:20 IST" name="setup" finished-at="2025-12-07T20:32:27 IST" duration-ms="6422" status="PASS">
          <params>
            <param index="0">
              <value>
                <![CDATA[Windows]]>
              </value>
            </param>
            <param index="1">
              <value>
                <![CDATA[chrome]]>
              </value>
            </param>
          </params>
          <reporter-output>
          </reporter-output>
        </test-method> <!-- setup -->
        <test-method signature="validateProductSort()[pri:0, instance:testCases.TC_SF_014@2e61d218]" started-at="2025-12-07T20:32:27 IST" name="validateProductSort" finished-at="2025-12-07T20:32:28 IST" duration-ms="1453" status="PASS">
          <reporter-output>
          </reporter-output>
        </test-method> <!-- validateProductSort -->
        <test-method is-config="true" signature="tearDown()[pri:0, instance:testCases.TC_SF_014@2e61d218]" started-at="2025-12-07T20:32:28 IST" name="tearDown" finished-at="2025-12-07T20:32:28 IST" duration-ms="175" status="PASS">
          <reporter-output>
          </reporter-output>
        </test-method> <!-- tearDown -->
      </class> <!-- testCases.TC_SF_014 -->
    </test> <!-- Test -->
  </suite> <!-- Master Suite -->
</testng-results>
