<?xml version="1.0" encoding="UTF-8"?>
<testsuite xmlns:xsi="http://www.w3.org/2001/XMLSchema-instance" xsi:noNamespaceSchemaLocation="https://maven.apache.org/surefire/maven-surefire-plugin/xsd/surefire-test-report.xsd" version="3.0.2" name="TestSuite" time="56.308" tests="4" errors="0" skipped="0" failures="1">
  <properties>
[...]
</properties>
  <testcase name="validateProductSort" classname="testCases.TC_SF_014" time="1.467">
    <system-out><![CDATA[2025-12-07T15:02:20.120011200Z main INFO Starting LoggerContext[name=70dea4e] with configuration XmlConfiguration[location=C:\Users\Birendra\eclipse-workspace\opencart\target\test-classes\log4j2.xml, lastModified=2025-08-03T18:32:13.733Z]...
2025-12-07T15:02:20.264709400Z main INFO Starting configuration XmlConfiguration[location=C:\Users\Birendra\eclipse-workspace\opencart\target\test-classes\log4j2.xml, lastModified=2025-08-03T18:32:13.733Z]...
2025-12-07T15:02:20.264709400Z main INFO Start watching for changes to C:\Users\Birendra\eclipse-workspace\opencart\target\test-classes\log4j2.xml every 0 seconds
2025-12-07T15:02:20.264709400Z main INFO Configuration XmlConfiguration[location=C:\Users\Birendra\eclipse-workspace\opencart\target\test-classes\log4j2.xml, lastModified=2025-08-03T18:32:13.733Z] started.
2025-12-07T15:02:20.265720900Z main INFO Stopping configuration DefaultConfiguration...
2025-12-07T15:02:20.266712900Z main INFO Configuration DefaultConfiguration stopped.
2025-12-07T15:02:20.266712900Z main INFO LoggerContext[name=70dea4e] started with configuration XmlConfiguration[location=C:\Users\Birendra\eclipse-workspace\opencart\target\test-classes\log4j2.xml, lastModified=2025-08-03T18:32:13.733Z].
]]></system-out>
    <system-err><![CDATA[Dec 07, 2025 8:32:21 PM org.openqa.selenium.devtools.CdpVersionFinder findNearestMatch
WARNING: Unable to find an exact match for CDP version 142, returning the closest version; found: 139; Please update to a Selenium version that supports CDP version 142
]]></system-err>
  </testcase>
  <testcase name="validateCrossbrowserFun" classname="testCases.TC_PC_024" time="2.115">
    <failure message="element click intercepted: Element &lt;a href=&quot;https://tutorialsninja.com/demo/index.php?route=product/compare&quot;&gt;...&lt;/a&gt; is not clickable at point (364, 7). Other element would receive the click: &lt;div class=&quot;container&quot;&gt;...&lt;/div&gt;&#10;  (Session info: chrome=142.0.7444.176)&#10;Build info: version: &apos;4.35.0&apos;, revision: &apos;1c58e5028b&apos;&#10;System info: os.name: &apos;Windows 11&apos;, os.arch: &apos;amd64&apos;, os.version: &apos;10.0&apos;, java.version: &apos;21&apos;&#10;Driver info: org.openqa.selenium.chrome.ChromeDriver&#10;Command: [8d9baad928adab4a429a43781e2a837b, clickElement {id=f.A462FF34A08B97191DF01638B41FD5C1.d.73F53C74D5B0A0A683A99FCBC7F00DCE.e.91}]&#10;Capabilities {acceptInsecureCerts: false, browserName: chrome, browserVersion: 142.0.7444.176, chrome: {chromedriverVersion: 142.0.7444.175 (302067f14a4..., userDataDir: C:\Users\Birendra\AppData\L...}, fedcm:accounts: true, goog:chromeOptions: {debuggerAddress: localhost:51925}, goog:processID: 18768, networkConnectionEnabled: false, pageLoadStrategy: normal, platformName: windows, proxy: Proxy(), se:cdp: ws://localhost:51925/devtoo..., se:cdpVersion: 142.0.7444.176, setWindowRect: true, strictFileInteractability: false, timeouts: {implicit: 0, pageLoad: 300000, script: 30000}, unhandledPromptBehavior: dismiss and notify, webauthn:extension:credBlob: true, webauthn:extension:largeBlob: true, webauthn:extension:minPinLength: true, webauthn:extension:prf: true, webauthn:virtualAuthenticators: true}&#10;Element: [[ChromeDriver: chrome on windows (8d9baad928adab4a429a43781e2a837b)] -&gt; xpath: //a[normalize-space()=&apos;product comparison&apos;]]&#10;Session ID: 8d9baad928adab4a429a43781e2a837b" type="org.openqa.selenium.ElementClickInterceptedException"><![CDATA[org.openqa.selenium.ElementClickInterceptedException: 
element click intercepted: Element <a href="https://tutorialsninja.com/demo/index.php?route=product/compare">...</a> is not clickable at point (364, 7). Other element would receive the click: <div class="container">...</div>
  (Session info: chrome=142.0.7444.176)
Build info: version: '4.35.0', revision: '1c58e5028b'
System info: os.name: 'Windows 11', os.arch: 'amd64', os.version: '10.0', java.version: '21'
Driver info: org.openqa.selenium.chrome.ChromeDriver
Command: [8d9baad928adab4a429a43781e2a837b, clickElement {id=f.A462FF34A08B97191DF01638B41FD5C1.d.73F53C74D5B0A0A683A99FCBC7F00DCE.e.91}]
Capabilities {acceptInsecureCerts: false, browserName: chrome, browserVersion: 142.0.7444.176, chrome: {chromedriverVersion: 142.0.7444.175 (302067f14a4..., userDataDir: C:\Users\Birendra\AppData\L...}, fedcm:accounts: true, goog:chromeOptions: {debuggerAddress: localhost:51925}, goog:processID: 18768, networkConnectionEnabled: false, pageLoadStrategy: normal, platformName: windows, proxy: Proxy(), se:cdp: ws://localhost:51925/devtoo..., se:cdpVersion: 142.0.7444.176, setWindowRect: true, strictFileInteractability: false, timeouts: {implicit: 0, pageLoad: 300000, script: 30000}, unhandledPromptBehavior: dismiss and notify, webauthn:extension:credBlob: true, webauthn:extension:largeBlob: true, webauthn:extension:minPinLength: true, webauthn:extension:prf: true, webauthn:virtualAuthenticators: true}
Element: [[ChromeDriver: chrome on windows (8d9baad928adab4a429a43781e2a837b)] -> xpath: //a[normalize-space()='product comparison']]
Session ID: 8d9baad928adab4a429a43781e2a837b
	at java.base/jdk.internal.reflect.DirectConstructorHandleAccessor.newInstance(DirectConstructorHandleAccessor.java:62)
	at java.base/java.lang.reflect.Constructor.newInstanceWithCaller(Constructor.java:502)
	at java.base/java.lang.reflect.Constructor.newInstance(Constructor.java:486)
	at org.openqa.selenium.remote.ErrorCodec.decode(ErrorCodec.java:167)
	at org.openqa.selenium.remote.codec.w3c.W3CHttpResponseCodec.decode(W3CHttpResponseCodec.java:138)
	at org.openqa.selenium.remote.codec.w3c.W3CHttpResponseCodec.decode(W3CHttpResponseCodec.java:50)
	at org.openqa.selenium.remote.HttpCommandExecutor.execute(HttpCommandExecutor.java:215)
	at org.openqa.selenium.remote.service.DriverCommandExecutor.invokeExecute(DriverCommandExecutor.java:216)
	at org.openqa.selenium.remote.service.DriverCommandExecutor.execute(DriverCommandExecutor.java:174)
	at org.openqa.selenium.remote.RemoteWebDriver.execute(RemoteWebDriver.java:557)
	at org.openqa.selenium.remote.RemoteWebElement.execute(RemoteWebElement.java:223)
	at org.openqa.selenium.remote.RemoteWebElement.click(RemoteWebElement.java:76)
	at java.base/jdk.internal.reflect.DirectMethodHandleAccessor.invoke(DirectMethodHandleAccessor.java:103)
	at java.base/java.lang.reflect.Method.invoke(Method.java:580)
	at org.openqa.selenium.support.pagefactory.internal.LocatingElementHandler.invoke(LocatingElementHandler.java:51)
	at jdk.proxy2/jdk.proxy2.$Proxy47.click(Unknown Source)
	at pageObjects.LandingPage.clickCompareProductlnk(LandingPage.java:257)
	at testCases.TC_PC_024.validateCrossbrowserFun(TC_PC_024.java:20)
	at java.base/jdk.internal.reflect.DirectMethodHandleAccessor.invoke(DirectMethodHandleAccessor.java:103)
	at java.base/java.lang.reflect.Method.invoke(Method.java:580)
	at org.testng.internal.invokers.MethodInvocationHelper.invokeMethod(MethodInvocationHelper.java:141)
	at org.testng.internal.invokers.TestInvoker.invokeMethod(TestInvoker.java:687)
	at org.testng.internal.invokers.TestInvoker.invokeTestMethod(TestInvoker.java:230)
	at org.testng.internal.invokers.MethodRunner.runInSequence(MethodRunner.java:63)
	at org.testng.internal.invokers.TestInvoker$MethodInvocationAgent.invoke(TestInvoker.java:995)
	at org.testng.internal.invokers.TestInvoker.invokeTestMethods(TestInvoker.java:203)
	at org.testng.internal.invokers.TestMethodWorker.invokeTestMethods(TestMethodWorker.java:154)
	at org.testng.internal.invokers.TestMethodWorker.run(TestMethodWorker.java:134)
	at java.base/java.util.ArrayList.forEach(ArrayList.java:1596)
	at org.testng.TestRunner.privateRun(TestRunner.java:741)
	at org.testng.TestRunner.run(TestRunner.java:616)
	at org.testng.SuiteRunner.runTest(SuiteRunner.java:421)
	at org.testng.SuiteRunner.runSequentially(SuiteRunner.java:413)
	at org.testng.SuiteRunner.privateRun(SuiteRunner.java:373)
	at org.testng.SuiteRunner.run(SuiteRunner.java:312)
	at org.testng.SuiteRunnerWorker.runSuite(SuiteRunnerWorker.java:52)
	at org.testng.SuiteRunnerWorker.run(SuiteRunnerWorker.java:95)
	at org.testng.TestNG.runSuitesSequentially(TestNG.java:1274)
	at org.testng.TestNG.runSuitesLocally(TestNG.java:1208)
	at org.testng.TestNG.runSuites(TestNG.java:1112)
	at org.testng.TestNG.run(TestNG.java:1079)
	at org.apache.maven.surefire.testng.TestNGExecutor.run(TestNGExecutor.java:308)
	at org.apache.maven.surefire.testng.TestNGXmlTestSuite.execute(TestNGXmlTestSuite.java:71)
	at org.apache.maven.surefire.testng.TestNGProvider.invoke(TestNGProvider.java:113)
	at org.apache.maven.surefire.booter.ForkedBooter.runSuitesInProcess(ForkedBooter.java:385)
	at org.apache.maven.surefire.booter.ForkedBooter.execute(ForkedBooter.java:162)
	at org.apache.maven.surefire.booter.ForkedBooter.run(ForkedBooter.java:507)
	at org.apache.maven.surefire.booter.ForkedBooter.main(ForkedBooter.java:495)
]]></failure>
    <system-err><![CDATA[Dec 07, 2025 8:32:30 PM org.openqa.selenium.devtools.CdpVersionFinder findNearestMatch
WARNING: Unable to find an exact match for CDP version 142, returning the closest version; found: 139; Please update to a Selenium version that supports CDP version 142
]]></system-err>
  </testcase>
  <testcase name="validateCrossbrowserFun" classname="testCases.TC_PC_024" time="1.006">
    <system-err><![CDATA[Dec 07, 2025 8:32:40 PM org.openqa.selenium.devtools.CdpVersionFinder findNearestMatch
WARNING: Unable to find an exact match for CDP version 143, returning the closest version; found: 139; Please update to a Selenium version that supports CDP version 143
]]></system-err>
  </testcase>
  <testcase name="validateCrossbrowserFun" classname="testCases.TC_PC_024" time="0.864"/>
</testsuite>