<?xml version="1.0" encoding="UTF-8"?>
<testng-results ignored="0" total="1" passed="1" failed="0" skipped="0">
  <reporter-output>
  </reporter-output>
  <suite started-at="2025-09-25T00:38:04 IST" name="Master Suite" finished-at="2025-09-25T00:38:11 IST" duration-ms="7538">
    <groups>
      <group name="Master">
        <method signature="TC_PC_023_Product_Compare.validateTC_PC_023_Product_Compare()[pri:0, instance:testCases.TC_PC_023_Product_Compare@6e46d9f4]" name="validateTC_PC_023_Product_Compare" class="testCases.TC_PC_023_Product_Compare"/>
      </group> <!-- Master -->
      <group name="Sanity">
        <method signature="TC_PC_023_Product_Compare.validateTC_PC_023_Product_Compare()[pri:0, instance:testCases.TC_PC_023_Product_Compare@6e46d9f4]" name="validateTC_PC_023_Product_Compare" class="testCases.TC_PC_023_Product_Compare"/>
      </group> <!-- Sanity -->
    </groups>
    <test started-at="2025-09-25T00:38:04 IST" name="Test" finished-at="2025-09-25T00:38:11 IST" duration-ms="7538">
      <class name="testCases.TC_PC_023_Product_Compare">
        <test-method is-config="true" signature="setup(java.lang.String,java.lang.String)[pri:0, instance:testCases.TC_PC_023_Product_Compare@6e46d9f4]" started-at="2025-09-25T00:38:04 IST" name="setup" finished-at="2025-09-25T00:38:07 IST" duration-ms="3041" status="PASS">
          <params>
            <param index="0">
              <value>
                <![CDATA[Windows]]>
              </value>
            </param>
            <param index="1">
              <value>
                <![CDATA[chrome]]>
              </value>
            </param>
          </params>
          <reporter-output>
          </reporter-output>
        </test-method> <!-- setup -->
        <test-method signature="validateTC_PC_023_Product_Compare()[pri:0, instance:testCases.TC_PC_023_Product_Compare@6e46d9f4]" started-at="2025-09-25T00:38:07 IST" name="validateTC_PC_023_Product_Compare" finished-at="2025-09-25T00:38:11 IST" duration-ms="3659" status="PASS">
          <reporter-output>
          </reporter-output>
        </test-method> <!-- validateTC_PC_023_Product_Compare -->
        <test-method is-config="true" signature="tearDown()[pri:0, instance:testCases.TC_PC_023_Product_Compare@6e46d9f4]" started-at="2025-09-25T00:38:11 IST" name="tearDown" finished-at="2025-09-25T00:38:11 IST" duration-ms="441" status="PASS">
          <reporter-output>
          </reporter-output>
        </test-method> <!-- tearDown -->
      </class> <!-- testCases.TC_PC_023_Product_Compare -->
    </test> <!-- Test -->
  </suite> <!-- Master Suite -->
</testng-results>
