<?xml version="1.0" encoding="UTF-8"?>
<!-- Generated by org.testng.reporters.JUnitReportReporter -->
<testsuite hostname="Birendra-book" failures="0" tests="3" name="testCases.TC_PC_024" time="2.649" errors="0" timestamp="2025-12-07T20:31:34 IST" skipped="0">
  <testcase classname="testCases.TC_PC_024" name="validateCrossbrowserFun" time="0.883"/>
  <testcase classname="testCases.TC_PC_024" name="validateCrossbrowserFun" time="0.794"/>
  <testcase classname="testCases.TC_PC_024" name="validateCrossbrowserFun" time="0.972"/>
</testsuite> <!-- testCases.TC_PC_024 -->
