<?xml version="1.0" encoding="UTF-8"?>
<!-- Generated by org.testng.reporters.JUnitReportReporter -->
<testsuite hostname="Birendra-book" failures="0" tests="3" name="testCases.TC_LG_003" time="5.623" errors="0" timestamp="2025-12-07T19:57:36 IST" skipped="0">
  <testcase classname="testCases.TC_LG_003" name="verify_logout" time="1.737"/>
  <testcase classname="testCases.TC_LG_003" name="verify_logout" time="2.010"/>
  <testcase classname="testCases.TC_LG_003" name="verify_logout" time="1.876"/>
</testsuite> <!-- testCases.TC_LG_003 -->
