<?xml version="1.0" encoding="UTF-8"?>
<!-- Generated by org.testng.reporters.JUnitReportReporter -->
<testsuite hostname="Birendra-book" failures="0" tests="3" name="testCases.TC_LG_003" time="6.905" errors="0" timestamp="2025-12-20T23:11:52 IST" skipped="0">
  <testcase classname="testCases.TC_LG_003" name="verify_logout" time="2.548"/>
  <testcase classname="testCases.TC_LG_003" name="verify_logout" time="2.029"/>
  <testcase classname="testCases.TC_LG_003" name="verify_logout" time="2.328"/>
</testsuite> <!-- testCases.TC_LG_003 -->
